
/home/runner/work/exp-mixed-flow-reactor-nitk/exp-mixed-flow-reactor-nitk/experiment/simulation/js/dpi.js
  37:10  error  Parsing error: Identifier 'fix_dpi' has already been declared

/home/runner/work/exp-mixed-flow-reactor-nitk/exp-mixed-flow-reactor-nitk/experiment/simulation/js/jquery-3.6.0.js
     17:44  warning  'module' is not defined                                                    no-undef
     25:5   warning  'module' is not defined                                                    no-undef
    142:13  warning  'Symbol' is already defined as a built-in global variable                  no-redeclare
    717:22  warning  Unexpected control character(s) in regular expression: \x1f, \x1f          no-control-regex
    779:50  warning  Empty block statement                                                      no-empty
   2185:38  warning  Do not access Object.prototype method 'hasOwnProperty' from target object  no-prototype-builtins
   3205:16  warning  Unnecessary escape character: \/                                           no-useless-escape
   3507:52  warning  Empty block statement                                                      no-empty
   4584:21  warning  Empty block statement                                                      no-empty
   5051:28  warning  Unnecessary escape character: \/                                           no-useless-escape
   5268:19  warning  Empty block statement                                                      no-empty
   6564:25  warning  Empty block statement                                                      no-empty
   9171:17  warning  Empty block statement                                                      no-empty
   9819:28  warning  'urlAnchor.href' is assigned to itself                                     no-self-assign
  10269:17  warning  Empty block statement                                                      no-empty
  11162:39  warning  'define' is not defined                                                    no-undef
  11163:5   warning  'define' is not defined                                                    no-undef

/home/runner/work/exp-mixed-flow-reactor-nitk/exp-mixed-flow-reactor-nitk/experiment/simulation/js/jquery-ui.js
      9:39  warning  'define' is not defined                                      no-undef
     11:5   warning  'define' is not defined                                      no-undef
     14:13  warning  'jQuery' is not defined                                      no-undef
     21:7   warning  'version' is assigned a value but never used                 no-unused-vars
    797:7   warning  'widget' is assigned a value but never used                  no-unused-vars
    822:19  warning  Unnecessary escape character: \+                             no-useless-escape
    822:21  warning  Unnecessary escape character: \-                             no-useless-escape
   1365:7   warning  'position' is assigned a value but never used                no-unused-vars
   1381:7   warning  'data' is assigned a value but never used                    no-unused-vars
   1410:7   warning  'disableSelection' is assigned a value but never used        no-unused-vars
   1452:23  warning  Unnecessary escape character: \-                             no-useless-escape
   1462:39  warning  Unnecessary escape character: \%                             no-useless-escape
   1462:63  warning  Unnecessary escape character: \%                             no-useless-escape
   1462:87  warning  Unnecessary escape character: \%                             no-useless-escape
   1499:61  warning  Unnecessary escape character: \%                             no-useless-escape
   1499:85  warning  Unnecessary escape character: \%                             no-useless-escape
   2078:29  warning  Empty block statement                                        no-empty
   3120:63  warning  Empty block statement                                        no-empty
   3156:7   warning  'effectsEffectBlind' is assigned a value but never used      no-unused-vars
   3217:7   warning  'effectsEffectBounce' is assigned a value but never used     no-unused-vars
   3309:7   warning  'effectsEffectClip' is assigned a value but never used       no-unused-vars
   3360:7   warning  'effectsEffectDrop' is assigned a value but never used       no-unused-vars
   3418:7   warning  'effectsEffectExplode' is assigned a value but never used    no-unused-vars
   3523:7   warning  'effectsEffectFade' is assigned a value but never used       no-unused-vars
   3560:7   warning  'effectsEffectFold' is assigned a value but never used       no-unused-vars
   3639:7   warning  'effectsEffectHighlight' is assigned a value but never used  no-unused-vars
   3683:7   warning  'effectsEffectSize' is assigned a value but never used       no-unused-vars
   3884:7   warning  'effectsEffectScale' is assigned a value but never used      no-unused-vars
   3929:7   warning  'effectsEffectPuff' is assigned a value but never used       no-unused-vars
   3957:7   warning  'effectsEffectPulsate' is assigned a value but never used    no-unused-vars
   4007:7   warning  'effectsEffectShake' is assigned a value but never used      no-unused-vars
   4062:7   warning  'effectsEffectSlide' is assigned a value but never used      no-unused-vars
   4127:7   warning  'effect' is already defined                                  no-redeclare
   4133:7   warning  'effectsEffectTransfer' is assigned a value but never used   no-unused-vars
   4209:7   warning  'focusable' is assigned a value but never used               no-unused-vars
   4214:7   warning  'form' is assigned a value but never used                    no-unused-vars
   4234:7   warning  'formResetMixin' is assigned a value but never used          no-unused-vars
   4311:22  warning  Unexpected control character(s) in regular expression: \x1f  no-control-regex
   4369:7   warning  'keycode' is assigned a value but never used                 no-unused-vars
   4402:7   warning  'labels' is assigned a value but never used                  no-unused-vars
   4455:7   warning  'scrollParent' is assigned a value but never used            no-unused-vars
   4492:7   warning  'tabbable' is assigned a value but never used                no-unused-vars
   4516:7   warning  'uniqueId' is assigned a value but never used                no-unused-vars
   4558:7   warning  'widgetsAccordion' is assigned a value but never used        no-unused-vars
   5187:7   warning  'safeActiveElement' is assigned a value but never used       no-unused-vars
   5233:7   warning  'widgetsMenu' is assigned a value but never used             no-unused-vars
   5939:13  warning  Unnecessary escape character: \-                             no-useless-escape
   5939:15  warning  Unnecessary escape character: \[                             no-useless-escape
   5939:30  warning  Unnecessary escape character: \^                             no-useless-escape
   6581:30  warning  Unnecessary escape character: \-                             no-useless-escape
   6581:32  warning  Unnecessary escape character: \[                             no-useless-escape
   6581:47  warning  Unnecessary escape character: \^                             no-useless-escape
   6626:7   warning  'widgetsAutocomplete' is assigned a value but never used     no-unused-vars
   6648:7   warning  'widgetsControlgroup' is assigned a value but never used     no-unused-vars
   7239:7   warning  'widgetsCheckboxradio' is assigned a value but never used    no-unused-vars
   7686:7   warning  'widgetsButton' is assigned a value but never used           no-unused-vars
   7921:51  warning  Unnecessary escape character: \-                             no-useless-escape
   8620:23  warning  Empty block statement                                        no-empty
   9326:18  warning  Unexpected constant condition                                no-constant-condition
   9623:27  warning  Unnecessary escape character: \-                             no-useless-escape
  10293:40  warning  Unnecessary escape character: \-                             no-useless-escape
  10295:32  warning  Unnecessary escape character: \-                             no-useless-escape
  10435:35  warning  Unnecessary escape character: \-                             no-useless-escape
  10438:35  warning  Unnecessary escape character: \-                             no-useless-escape
  10603:7   warning  'widgetsDatepicker' is assigned a value but never used       no-unused-vars
  10606:7   warning  'ie' is assigned a value but never used                      no-unused-vars
  10627:7   warning  'widgetsMouse' is assigned a value but never used            no-unused-vars
  10835:7   warning  'plugin' is assigned a value but never used                  no-unused-vars
  10868:7   warning  'safeBlur' is assigned a value but never used                no-unused-vars
  12169:7   warning  'widgetsDraggable' is assigned a value but never used        no-unused-vars
  13428:7   warning  'widgetsResizable' is assigned a value but never used        no-unused-vars
  14383:7   warning  'widgetsDialog' is assigned a value but never used           no-unused-vars
  14902:7   warning  'widgetsDroppable' is assigned a value but never used        no-unused-vars
  14924:7   warning  'widgetsProgressbar' is assigned a value but never used      no-unused-vars
  15081:7   warning  'widgetsSelectable' is assigned a value but never used       no-unused-vars
  15399:7   warning  'widgetsSelectmenu' is assigned a value but never used       no-unused-vars
  16098:7   warning  'widgetsSlider' is assigned a value but never used           no-unused-vars
  16890:7   warning  'widgetsSortable' is assigned a value but never used         no-unused-vars
  17501:33  warning  Unnecessary escape character: \-                             no-useless-escape
  19078:15  warning  'Globalize' is not defined                                   no-undef
  19089:11  warning  'Globalize' is not defined                                   no-undef
  19209:7   warning  'widgetsSpinner' is assigned a value but never used          no-unused-vars
  19265:25  warning  Empty block statement                                        no-empty
  19268:25  warning  Empty block statement                                        no-empty
  19507:38  warning  Unnecessary escape character: \/                             no-useless-escape
  19507:47  warning  Unnecessary escape character: \[                             no-useless-escape
  19507:51  warning  Unnecessary escape character: \^                             no-useless-escape
  20132:7   warning  'widgetsTabs' is assigned a value but never used             no-unused-vars
  20643:7   warning  'widgetsTooltip' is assigned a value but never used          no-unused-vars

/home/runner/work/exp-mixed-flow-reactor-nitk/exp-mixed-flow-reactor-nitk/experiment/simulation/js/jquery.ui.touch-punch.js
  174:4  warning  'jQuery' is not defined  no-undef

/home/runner/work/exp-mixed-flow-reactor-nitk/exp-mixed-flow-reactor-nitk/experiment/simulation/js/jquery.ui.touch-punch.min.js
  81:4  warning  'jQuery' is not defined  no-undef

/home/runner/work/exp-mixed-flow-reactor-nitk/exp-mixed-flow-reactor-nitk/experiment/simulation/js/jquerymin.js
  2:71     warning  'module' is not defined                                                    no-undef
  2:86     warning  'module' is not defined                                                    no-undef
  2:863    warning  'b' is assigned a value but never used                                     no-unused-vars
  2:3050   warning  'r' is assigned a value but never used                                     no-unused-vars
  2:5376   warning  Unexpected control character(s) in regular expression: \x1f, \x1f          no-control-regex
  2:5847   warning  Expected a conditional expression and instead saw an assignment            no-cond-assign
  2:6101   warning  Expected a conditional expression and instead saw an assignment            no-cond-assign
  2:6532   warning  Expected a conditional expression and instead saw an assignment            no-cond-assign
  2:6758   warning  Empty block statement                                                      no-empty
  2:7320   warning  Expected a conditional expression and instead saw an assignment            no-cond-assign
  2:9378   warning  Expected a conditional expression and instead saw an assignment            no-cond-assign
  2:9688   warning  Expected a conditional expression and instead saw an assignment            no-cond-assign
  2:11489  warning  Expected a conditional expression and instead saw an assignment            no-cond-assign
  2:12064  warning  Expected a conditional expression and instead saw an assignment            no-cond-assign
  2:12102  warning  Expected a conditional expression and instead saw an assignment            no-cond-assign
  2:12520  warning  Empty block statement                                                      no-empty
  2:13134  warning  Expected a conditional expression and instead saw an assignment            no-cond-assign
  2:13446  warning  Expected a conditional expression and instead saw an assignment            no-cond-assign
  2:15271  warning  Expected a conditional expression and instead saw an assignment            no-cond-assign
  2:15542  warning  Expected a conditional expression and instead saw an assignment            no-cond-assign
  2:15740  warning  Expected a conditional expression and instead saw an assignment            no-cond-assign
  2:16114  warning  Do not access Object.prototype method 'hasOwnProperty' from target object  no-prototype-builtins
  2:16815  warning  Expected a conditional expression and instead saw an assignment            no-cond-assign
  2:19155  warning  Expected a conditional expression and instead saw an assignment            no-cond-assign
  2:19255  warning  Expected a conditional expression and instead saw an assignment            no-cond-assign
  2:19315  warning  Expected a conditional expression and instead saw an assignment            no-cond-assign
  2:20674  warning  Expected a conditional expression and instead saw an assignment            no-cond-assign
  2:21288  warning  Expected a conditional expression and instead saw an assignment            no-cond-assign
  2:21399  warning  Expected a conditional expression and instead saw an assignment            no-cond-assign
  2:23719  warning  Unnecessary escape character: \/                                           no-useless-escape
  2:33344  warning  Empty block statement                                                      no-empty
  2:37050  warning  Unnecessary escape character: \/                                           no-useless-escape
  2:38265  warning  Expected a conditional expression and instead saw an assignment            no-cond-assign
  2:38405  warning  Expected a conditional expression and instead saw an assignment            no-cond-assign
  2:39039  warning  Empty block statement                                                      no-empty
  2:45778  warning  Unnecessary escape character: \/                                           no-useless-escape
  2:48087  warning  Expected a conditional expression and instead saw an assignment            no-cond-assign
  2:49647  warning  Empty block statement                                                      no-empty
  2:57298  warning  Expected a conditional expression and instead saw an assignment            no-cond-assign
  2:59847  warning  Expected a conditional expression and instead saw an assignment            no-cond-assign
  2:64132  warning  Expected a conditional expression and instead saw an assignment            no-cond-assign
  2:65877  warning  Expected a conditional expression and instead saw an assignment            no-cond-assign
  2:65943  warning  Expected a conditional expression and instead saw an assignment            no-cond-assign
  2:66247  warning  Expected a conditional expression and instead saw an assignment            no-cond-assign
  2:66313  warning  Expected a conditional expression and instead saw an assignment            no-cond-assign
  2:66720  warning  Expected a conditional expression and instead saw an assignment            no-cond-assign
  2:66997  warning  Expected a conditional expression and instead saw an assignment            no-cond-assign
  2:72432  warning  Expected a conditional expression and instead saw an assignment            no-cond-assign
  2:74924  warning  Expected a conditional expression and instead saw an assignment            no-cond-assign
  2:75645  warning  'l.href' is assigned to itself                                             no-self-assign
  2:79204  warning  Empty block statement                                                      no-empty
  2:83243  warning  Expected a conditional expression and instead saw an assignment            no-cond-assign
  2:83243  warning  'l' is assigned a value but never used                                     no-unused-vars
  2:86651  warning  'define' is not defined                                                    no-undef
  2:86663  warning  'define' is not defined                                                    no-undef

/home/runner/work/exp-mixed-flow-reactor-nitk/exp-mixed-flow-reactor-nitk/experiment/simulation/js/propeller.min.js
  432:5   warning  '$' is not defined  no-undef
  433:5   warning  '$' is not defined  no-undef
  435:5   warning  '$' is not defined  no-undef
  437:14  warning  '$' is not defined  no-undef
  439:11  warning  '$' is not defined  no-undef
  440:11  warning  '$' is not defined  no-undef

/home/runner/work/exp-mixed-flow-reactor-nitk/exp-mixed-flow-reactor-nitk/experiment/simulation/js/sgca.js
     7:11  warning  This number literal will lose precision at runtime  no-loss-of-precision
    10:5   warning  'settop' is assigned a value but never used         no-unused-vars
    11:5   warning  'oldAngle' is assigned a value but never used       no-unused-vars
    19:5   warning  'naohEthyleSet' is assigned a value but never used  no-unused-vars
    29:5   warning  'oldCond' is assigned a value but never used        no-unused-vars
    40:3   warning  'liquidTimer' is assigned a value but never used    no-unused-vars
   115:10  warning  'goToStart' is defined but never used               no-unused-vars
   149:10  warning  'changeOriginal' is defined but never used          no-unused-vars
   157:8   warning  'temp' is not defined                               no-undef
   157:18  warning  'temp' is not defined                               no-undef
   157:29  warning  'temp' is not defined                               no-undef
   158:40  warning  'temp' is not defined                               no-undef
   160:3   warning  'simsubscreennum' is not defined                    no-undef
   161:38  warning  'simsubscreennum' is not defined                    no-undef
   166:10  warning  'navNext' is defined but never used                 no-unused-vars
   167:8   warning  'temp' is not defined                               no-undef
   167:18  warning  'temp' is not defined                               no-undef
   167:29  warning  'temp' is not defined                               no-undef
   168:40  warning  'temp' is not defined                               no-undef
   171:3   warning  'simsubscreennum' is not defined                    no-undef
   172:38  warning  'simsubscreennum' is not defined                    no-undef
   180:10  warning  'animatearrow' is defined but never used            no-unused-vars
   187:10  warning  'myStopFunction' is defined but never used          no-unused-vars
   188:17  warning  'myInt' is not defined                              no-undef
   197:7   warning  'simsubscreennum' is not defined                    no-undef
   199:14  warning  'simsubscreennum' is not defined                    no-undef
   214:14  warning  'simsubscreennum' is not defined                    no-undef
   231:14  warning  'simsubscreennum' is not defined                    no-undef
   255:12  warning  Empty block statement                               no-empty
   258:14  warning  'simsubscreennum' is not defined                    no-undef
   269:10  warning  'mclose' is defined but never used                  no-unused-vars
   274:10  warning  'mclose1' is defined but never used                 no-unused-vars
   283:10  warning  'mclose2' is defined but never used                 no-unused-vars
   289:10  warning  'showObservation' is defined but never used         no-unused-vars
   309:8   warning  'temp' is not defined                               no-undef
   309:18  warning  'temp' is not defined                               no-undef
   309:29  warning  'temp' is not defined                               no-undef
   310:40  warning  'temp' is not defined                               no-undef
   312:3   warning  'simsubscreennum' is not defined                    no-undef
   313:38  warning  'simsubscreennum' is not defined                    no-undef
   367:8   warning  'temp' is not defined                               no-undef
   367:18  warning  'temp' is not defined                               no-undef
   367:29  warning  'temp' is not defined                               no-undef
   368:40  warning  'temp' is not defined                               no-undef
   370:3   warning  'simsubscreennum' is not defined                    no-undef
   371:38  warning  'simsubscreennum' is not defined                    no-undef
   397:8   warning  'temp' is not defined                               no-undef
   397:18  warning  'temp' is not defined                               no-undef
   397:29  warning  'temp' is not defined                               no-undef
   398:40  warning  'temp' is not defined                               no-undef
   400:3   warning  'simsubscreennum' is not defined                    no-undef
   401:38  warning  'simsubscreennum' is not defined                    no-undef
   447:10  warning  'clearTable' is defined but never used              no-unused-vars
   463:10  warning  'emailSend' is defined but never used               no-unused-vars
   472:10  warning  'sendEmail' is defined but never used               no-unused-vars
   475:3   warning  'emidlen' is not defined                            no-undef
   477:7   warning  'emidlen' is not defined                            no-undef
   486:10  warning  'i' is not defined                                  no-undef
   486:17  warning  'i' is not defined                                  no-undef
   486:40  warning  'i' is not defined                                  no-undef
   488:38  warning  'i' is not defined                                  no-undef
   492:9   warning  'info' is not defined                               no-undef
   493:11  warning  'info' is not defined                               no-undef
   495:7   warning  'info' is not defined                               no-undef
   495:24  warning  'info' is not defined                               no-undef
   509:10  warning  'setemail' is defined but never used                no-unused-vars
   514:10  warning  'remSelRead' is defined but never used              no-unused-vars
   531:8   warning  'i' is not defined                                  no-undef
   531:15  warning  'i' is not defined                                  no-undef
   531:37  warning  'i' is not defined                                  no-undef
   532:15  warning  'i' is not defined                                  no-undef
   543:8   warning  'temp' is not defined                               no-undef
   543:18  warning  'temp' is not defined                               no-undef
   543:29  warning  'temp' is not defined                               no-undef
   544:40  warning  'temp' is not defined                               no-undef
   546:3   warning  'simsubscreennum' is not defined                    no-undef
   547:38  warning  'simsubscreennum' is not defined                    no-undef
   577:8   warning  'temp' is not defined                               no-undef
   577:18  warning  'temp' is not defined                               no-undef
   577:29  warning  'temp' is not defined                               no-undef
   578:40  warning  'temp' is not defined                               no-undef
   580:3   warning  'simsubscreennum' is not defined                    no-undef
   581:38  warning  'simsubscreennum' is not defined                    no-undef
   589:8   warning  'temp' is not defined                               no-undef
   589:18  warning  'temp' is not defined                               no-undef
   589:29  warning  'temp' is not defined                               no-undef
   590:40  warning  'temp' is not defined                               no-undef
   592:3   warning  'simsubscreennum' is not defined                    no-undef
   593:38  warning  'simsubscreennum' is not defined                    no-undef
   632:8   warning  'temp' is not defined                               no-undef
   632:18  warning  'temp' is not defined                               no-undef
   632:29  warning  'temp' is not defined                               no-undef
   633:40  warning  'temp' is not defined                               no-undef
   635:3   warning  'simsubscreennum' is not defined                    no-undef
   636:38  warning  'simsubscreennum' is not defined                    no-undef
   708:10  warning  'selectAction' is defined but never used            no-unused-vars
   711:3   warning  'simsubscreennum' is not defined                    no-undef
   718:10  warning  'setMLone' is defined but never used                no-unused-vars
   723:5   warning  'secondML' is assigned a value but never used       no-unused-vars
   725:10  warning  'setMLtwo' is defined but never used                no-unused-vars
   730:10  warning  'gotoObservation' is defined but never used         no-unused-vars
   752:3   warning  'simsubscreennum' is not defined                    no-undef
   755:38  warning  'simsubscreennum' is not defined                    no-undef
   767:10  warning  'setEvalSets' is defined but never used             no-unused-vars
   794:10  warning  'evaluateConfig' is defined but never used          no-unused-vars
   806:5   warning  'lpm' is not defined                                no-undef
   807:5   warning  'pres' is not defined                               no-undef
   808:5   warning  'reyn' is not defined                               no-undef
   809:5   warning  'fric' is not defined                               no-undef
   811:5   warning  'presInMeter' is not defined                        no-undef
   811:19  warning  'pres' is not defined                               no-undef
   812:9   warning  'processFluidEval' is not defined                   no-undef
   813:7   warning  'den' is not defined                                no-undef
   815:7   warning  'visco' is not defined                              no-undef
   816:16  warning  'processFluidEval' is not defined                   no-undef
   817:7   warning  'den' is not defined                                no-undef
   819:7   warning  'visco' is not defined                              no-undef
   821:5   warning  'diaMeter' is not defined                           no-undef
   821:16  warning  'chosenPipeDiaEval' is not defined                  no-undef
   822:39  warning  'chosenPipeDiaEval' is not defined                  no-undef
   823:55  warning  'diaMeter' is not defined                           no-undef
   824:32  warning  'diaMeter' is not defined                           no-undef
   825:5   warning  'lpmConvVelocity' is not defined                    no-undef
   826:8   warning  'lpm' is not defined                                no-undef
   826:35  warning  'diaMeter' is not defined                           no-undef
   826:52  warning  'diaMeter' is not defined                           no-undef
   827:40  warning  'lpmConvVelocity' is not defined                    no-undef
   830:31  warning  'processFluid' is not defined                       no-undef
   831:7   warning  'visco' is not defined                              no-undef
   833:33  warning  'processFluidEval' is not defined                   no-undef
   833:67  warning  'den' is not defined                                no-undef
   835:5   warning  'calculatedReyn' is not defined                     no-undef
   835:23  warning  'den' is not defined                                no-undef
   835:29  warning  'diaMeter' is not defined                           no-undef
   835:40  warning  'lpmConvVelocity' is not defined                    no-undef
   835:59  warning  'visco' is not defined                              no-undef
   836:5   warning  'calculatedReyn' is not defined                     no-undef
   836:22  warning  'calculatedReyn' is not defined                     no-undef
   837:52  warning  'calculatedReyn' is not defined                     no-undef
   842:9   warning  'manoFluidEval' is not defined                      no-undef
   843:7   warning  'denMano' is not defined                            no-undef
   844:16  warning  'manoFluidEval' is not defined                      no-undef
   845:7   warning  'denMano' is not defined                            no-undef
   848:40  warning  'manoFluidEval' is not defined                      no-undef
   849:7   warning  'denMano' is not defined                            no-undef
   853:5   warning  'hf' is not defined                                 no-undef
   853:12  warning  'denMano' is not defined                            no-undef
   853:22  warning  'den' is not defined                                no-undef
   853:29  warning  'presInMeter' is not defined                        no-undef
   853:44  warning  'den' is not defined                                no-undef
   854:44  warning  'hf' is not defined                                 no-undef
   856:40  warning  'pipeLengthEval' is not defined                     no-undef
   858:5   warning  'calculatedFricFact' is not defined                 no-undef
   859:18  warning  'diaMeter' is not defined                           no-undef
   859:29  warning  'hf' is not defined                                 no-undef
   860:12  warning  'pipeLengthEval' is not defined                     no-undef
   860:29  warning  'lpmConvVelocity' is not defined                    no-undef
   860:47  warning  'lpmConvVelocity' is not defined                    no-undef
   861:5   warning  'calculatedFricFact' is not defined                 no-undef
   861:26  warning  'calculatedFricFact' is not defined                 no-undef
   862:5   warning  'calculatedFricFact' is not defined                 no-undef
   862:26  warning  'calculatedFricFact' is not defined                 no-undef
   863:46  warning  'calculatedFricFact' is not defined                 no-undef
   866:48  warning  'reyn' is not defined                               no-undef
   870:11  warning  'rowCountPost' is assigned a value but never used   no-unused-vars
   895:25  warning  'calculatedReyn' is not defined                     no-undef
   896:26  warning  'calculatedFricFact' is not defined                 no-undef
   911:1   warning  '$' is not defined                                  no-undef
   914:3   warning  '$' is not defined                                  no-undef
   946:3   warning  '$' is not defined                                  no-undef
  1004:10  warning  'setReactorVolume' is defined but never used        no-unused-vars
  1010:10  warning  'setReactorTemp' is defined but never used          no-unused-vars
  1018:10  warning  'rangeSlideEthyl' is defined but never used         no-unused-vars
  1018:26  warning  'value' is defined but never used                   no-unused-vars
  1024:10  warning  'rangeSlideNaOH' is defined but never used          no-unused-vars
  1024:25  warning  'value' is defined but never used                   no-unused-vars
  1034:5   warning  This number literal will lose precision at runtime  no-loss-of-precision
  1070:5   warning  'tableArray' is assigned a value but never used     no-unused-vars
  1108:10  warning  'checkForError' is defined but never used           no-unused-vars
  1114:1   warning  'timerSet' is assigned a value but never used       no-unused-vars
  1147:3   warning  '$' is not defined                                  no-undef
  1150:7   warning  '$' is not defined                                  no-undef
  1163:10  warning  'restartExperiment' is defined but never used       no-unused-vars
  1174:10  warning  'hideSomeApparatus' is defined but never used       no-unused-vars
  1186:10  warning  'evaluateEntries' is defined but never used         no-unused-vars
  1221:3   warning  '$' is not defined                                  no-undef
  1224:7   warning  '$' is not defined                                  no-undef
  1241:7   warning  This number literal will lose precision at runtime  no-loss-of-precision
  1245:3   warning  '$' is not defined                                  no-undef
  1248:7   warning  '$' is not defined                                  no-undef
  1264:10  warning  'clearEvalReadings' is defined but never used       no-unused-vars
  1276:10  warning  'showFirstScreen' is defined but never used         no-unused-vars

✖ 362 problems (1 error, 361 warnings)

